TN:
SF:server.js
FNF:0
FNH:0
DA:1,1
DA:2,1
LF:2
LH:2
BRF:0
BRH:0
end_of_record
TN:
SF:api/index.js
FN:21,(anonymous_0)
FN:33,loadData
FN:47,saveData
FN:57,clearData
FN:66,getNamespaceData
FN:72,(anonymous_5)
FN:78,(anonymous_6)
FN:89,(anonymous_7)
FN:127,(anonymous_8)
FN:165,(anonymous_9)
FN:171,(anonymous_10)
FN:183,(anonymous_11)
FN:185,(anonymous_12)
FN:195,(anonymous_13)
FN:207,(anonymous_14)
FN:210,(anonymous_15)
FN:210,(anonymous_16)
FN:212,(anonymous_17)
FN:222,(anonymous_18)
FN:238,(anonymous_19)
FN:240,(anonymous_20)
FNF:21
FNH:12
FNDA:20,(anonymous_0)
FNDA:0,loadData
FNDA:20,saveData
FNDA:13,clearData
FNDA:27,getNamespaceData
FNDA:1,(anonymous_5)
FNDA:1,(anonymous_6)
FNDA:0,(anonymous_7)
FNDA:20,(anonymous_8)
FNDA:6,(anonymous_9)
FNDA:1,(anonymous_10)
FNDA:1,(anonymous_11)
FNDA:2,(anonymous_12)
FNDA:1,(anonymous_13)
FNDA:0,(anonymous_14)
FNDA:0,(anonymous_15)
FNDA:0,(anonymous_16)
FNDA:0,(anonymous_17)
FNDA:0,(anonymous_18)
FNDA:0,(anonymous_19)
FNDA:0,(anonymous_20)
DA:1,1
DA:2,1
DA:3,1
DA:4,1
DA:5,1
DA:7,1
DA:8,1
DA:9,1
DA:12,1
DA:13,1
DA:14,1
DA:15,1
DA:18,1
DA:22,20
DA:23,20
DA:29,1
DA:30,1
DA:34,0
DA:35,0
DA:36,0
DA:37,0
DA:39,0
DA:42,0
DA:48,20
DA:49,20
DA:50,20
DA:52,0
DA:58,13
DA:59,0
DA:61,13
DA:67,27
DA:68,27
DA:72,1
DA:73,1
DA:74,1
DA:78,1
DA:79,1
DA:80,1
DA:81,1
DA:89,1
DA:90,0
DA:91,0
DA:92,0
DA:93,0
DA:98,0
DA:106,0
DA:107,0
DA:108,0
DA:109,0
DA:111,0
DA:112,0
DA:118,0
DA:119,0
DA:127,1
DA:128,20
DA:129,20
DA:130,20
DA:131,1
DA:136,19
DA:144,19
DA:145,19
DA:146,19
DA:147,0
DA:149,19
DA:150,19
DA:156,0
DA:157,0
DA:165,1
DA:166,6
DA:167,6
DA:171,1
DA:172,1
DA:173,1
DA:174,1
DA:175,1
DA:176,1
DA:178,0
DA:183,1
DA:185,2
DA:186,1
DA:195,1
DA:196,1
DA:197,1
DA:198,1
DA:207,1
DA:209,0
DA:210,0
DA:212,0
DA:213,0
DA:221,1
DA:222,1
DA:223,0
DA:224,0
DA:225,0
DA:227,0
DA:230,1
DA:231,1
DA:233,0
DA:237,1
DA:238,0
DA:239,0
DA:240,0
DA:241,0
DA:242,0
DA:243,0
LF:105
LH:65
BRDA:22,0,0,20
BRDA:22,0,1,0
BRDA:37,1,0,0
BRDA:37,1,1,0
BRDA:58,2,0,0
BRDA:58,2,1,13
BRDA:67,3,0,14
BRDA:67,3,1,13
BRDA:92,4,0,0
BRDA:92,4,1,0
BRDA:92,5,0,0
BRDA:92,5,1,0
BRDA:108,6,0,0
BRDA:108,6,1,0
BRDA:130,7,0,1
BRDA:130,7,1,19
BRDA:130,8,0,20
BRDA:130,8,1,20
BRDA:146,9,0,0
BRDA:146,9,1,19
BRDA:223,10,0,0
BRDA:223,10,1,0
BRDA:230,11,0,1
BRDA:230,11,1,0
BRDA:237,12,0,0
BRDA:237,12,1,1
BRDA:239,13,0,0
BRDA:239,13,1,0
BRF:28
BRH:11
end_of_record
