TN:
SF:server.js
FN:33,loadData
FN:44,saveData
FN:55,clearData
FN:60,(anonymous_3)
FN:104,(anonymous_4)
FN:112,(anonymous_5)
FN:117,(anonymous_6)
FN:128,(anonymous_7)
FN:137,startServer
FN:139,(anonymous_9)
FNF:10
FNH:7
FNDA:0,loadData
FNDA:16,saveData
FNDA:14,clearData
FNDA:16,(anonymous_3)
FNDA:2,(anonymous_4)
FNDA:6,(anonymous_5)
FNDA:1,(anonymous_6)
FNDA:2,(anonymous_7)
FNDA:0,startServer
FNDA:0,(anonymous_9)
DA:1,1
DA:2,1
DA:3,1
DA:4,1
DA:5,1
DA:6,1
DA:8,1
DA:9,1
DA:12,1
DA:13,1
DA:16,1
DA:17,1
DA:18,1
DA:19,1
DA:22,1
DA:29,1
DA:30,1
DA:34,0
DA:35,0
DA:36,0
DA:39,0
DA:45,16
DA:47,16
DA:48,16
DA:50,0
DA:56,14
DA:60,1
DA:61,16
DA:63,16
DA:64,1
DA:70,15
DA:79,15
DA:82,15
DA:83,0
DA:86,15
DA:88,15
DA:89,15
DA:95,0
DA:96,0
DA:104,1
DA:105,2
DA:112,1
DA:113,6
DA:117,1
DA:118,1
DA:119,1
DA:120,1
DA:121,1
DA:123,0
DA:128,1
DA:129,2
DA:138,0
DA:139,0
DA:140,0
DA:141,0
DA:142,0
DA:147,1
DA:148,0
DA:150,1
LF:59
LH:44
BRDA:9,0,0,1
BRDA:9,0,1,1
BRDA:63,1,0,1
BRDA:63,1,1,15
BRDA:63,2,0,16
BRDA:63,2,1,16
BRDA:82,3,0,0
BRDA:82,3,1,15
BRDA:147,4,0,0
BRDA:147,4,1,1
BRF:10
BRH:8
end_of_record
